2015-11-10 15:26:56 10fc InnoDB: Warning: Using innodb_additional_mem_pool_size is DEPRECATED. This option may be removed in future releases, together with the option innodb_use_sys_malloc and with the InnoDB's internal memory allocator.
2015-11-10 15:26:56 4348 [Note] InnoDB: Using mutexes to ref count buffer pool pages
2015-11-10 15:26:56 4348 [Note] InnoDB: The InnoDB memory heap is disabled
2015-11-10 15:26:56 4348 [Note] InnoDB: Mutexes and rw_locks use Windows interlocked functions
2015-11-10 15:26:56 4348 [Note] InnoDB: Memory barrier is not used
2015-11-10 15:26:56 4348 [Note] InnoDB: Compressed tables use zlib 1.2.3
2015-11-10 15:26:56 4348 [Note] InnoDB: Not using CPU crc32 instructions
2015-11-10 15:26:56 4348 [Note] InnoDB: Initializing buffer pool, size = 16.0M
2015-11-10 15:26:56 4348 [Note] InnoDB: Completed initialization of buffer pool
2015-11-10 15:26:56 4348 [Note] InnoDB: Highest supported file format is Barracuda.
2015-11-10 15:26:57 4348 [Note] InnoDB: 128 rollback segment(s) are active.
2015-11-10 15:26:57 4348 [Note] InnoDB: Waiting for purge to start
2015-11-10 15:26:57 4348 [Note] InnoDB:  Percona XtraDB (http://www.percona.com) 5.6.26-74.0 started; log sequence number 1835027
2015-11-10 15:26:57 6140 [Note] InnoDB: Dumping buffer pool(s) not yet started
2015-11-10 15:26:57 4348 [Note] Plugin 'FEEDBACK' is disabled.
2015-11-10 15:26:57 4348 [Note] Server socket created on IP: '::'.
2015-11-10 15:26:57 4348 [Note] Event Scheduler: Loaded 0 events
2015-11-10 15:26:57 4348 [Note] C:\xampp\mysql\bin\mysqld.exe: ready for connections.
Version: '10.1.8-MariaDB'  socket: ''  port: 3306  mariadb.org binary distribution
2015-11-10 15:27:11 5152 [Note] C:\xampp\mysql\bin\mysqld.exe: Normal shutdown

2015-11-10 15:27:11 5152 [Note] Event Scheduler: Purging the queue. 0 events
2015-11-10 15:27:11 5732 [Note] InnoDB: FTS optimize thread exiting.
2015-11-10 15:27:11 5152 [Note] InnoDB: Starting shutdown...
2015-11-10 15:27:13 5152 [Note] InnoDB: Shutdown completed; log sequence number 1835037
2015-11-10 15:27:13 5152 [Note] C:\xampp\mysql\bin\mysqld.exe: Shutdown complete

2018-04-12 10:51:55 fdc InnoDB: Warning: Using innodb_additional_mem_pool_size is DEPRECATED. This option may be removed in future releases, together with the option innodb_use_sys_malloc and with the InnoDB's internal memory allocator.
2018-04-12 10:51:55 4060 [Note] InnoDB: innodb_empty_free_list_algorithm has been changed to legacy because of small buffer pool size. In order to use backoff, increase buffer pool at least up to 20MB.

2018-04-12 10:51:55 4060 [Note] InnoDB: Using mutexes to ref count buffer pool pages
2018-04-12 10:51:55 4060 [Note] InnoDB: The InnoDB memory heap is disabled
2018-04-12 10:51:55 4060 [Note] InnoDB: Mutexes and rw_locks use Windows interlocked functions
2018-04-12 10:51:55 4060 [Note] InnoDB: _mm_lfence() and _mm_sfence() are used for memory barrier
2018-04-12 10:51:55 4060 [Note] InnoDB: Compressed tables use zlib 1.2.3
2018-04-12 10:51:55 4060 [Note] InnoDB: Using generic crc32 instructions
2018-04-12 10:51:55 4060 [Note] InnoDB: Initializing buffer pool, size = 16.0M
2018-04-12 10:51:55 4060 [Note] InnoDB: Completed initialization of buffer pool
2018-04-12 10:51:55 4060 [Note] InnoDB: Highest supported file format is Barracuda.
2018-04-12 10:51:55 4060 [Note] InnoDB: 128 rollback segment(s) are active.
2018-04-12 10:51:55 4060 [Note] InnoDB: Waiting for purge to start
2018-04-12 10:51:55 4060 [Note] InnoDB:  Percona XtraDB (http://www.percona.com) 5.6.36-83.0 started; log sequence number 1835037
2018-04-12 10:51:55 9904 [Note] InnoDB: Dumping buffer pool(s) not yet started
2018-04-12 10:51:56 4060 [Note] Plugin 'FEEDBACK' is disabled.
2018-04-12 10:51:56 4060 [Note] Server socket created on IP: '::'.
2018-04-12 10:51:56 4060 [Note] g:\xampp\mysql\bin\mysqld.exe: ready for connections.
Version: '10.1.31-MariaDB'  socket: ''  port: 3306  mariadb.org binary distribution
2018-04-12 23:07:15 324c InnoDB: Warning: Using innodb_additional_mem_pool_size is DEPRECATED. This option may be removed in future releases, together with the option innodb_use_sys_malloc and with the InnoDB's internal memory allocator.
2018-04-12 23:07:15 12876 [Note] InnoDB: innodb_empty_free_list_algorithm has been changed to legacy because of small buffer pool size. In order to use backoff, increase buffer pool at least up to 20MB.

2018-04-12 23:07:15 12876 [Note] InnoDB: Using mutexes to ref count buffer pool pages
2018-04-12 23:07:15 12876 [Note] InnoDB: The InnoDB memory heap is disabled
2018-04-12 23:07:15 12876 [Note] InnoDB: Mutexes and rw_locks use Windows interlocked functions
2018-04-12 23:07:15 12876 [Note] InnoDB: _mm_lfence() and _mm_sfence() are used for memory barrier
2018-04-12 23:07:15 12876 [Note] InnoDB: Compressed tables use zlib 1.2.3
2018-04-12 23:07:15 12876 [Note] InnoDB: Using generic crc32 instructions
2018-04-12 23:07:15 12876 [Note] InnoDB: Initializing buffer pool, size = 16.0M
2018-04-12 23:07:15 12876 [Note] InnoDB: Completed initialization of buffer pool
2018-04-12 23:07:15 12876 [Note] InnoDB: Highest supported file format is Barracuda.
2018-04-12 23:07:15 12876 [Note] InnoDB: The log sequence number 1835037 in ibdata file do not match the log sequence number 1835199 in the ib_logfiles!
2018-04-12 23:07:16 12876 [Note] InnoDB: Restoring possible half-written data pages from the doublewrite buffer...
2018-04-12 23:07:16 12876 [Note] InnoDB: 128 rollback segment(s) are active.
2018-04-12 23:07:16 12876 [Note] InnoDB: Waiting for purge to start
2018-04-12 23:07:17 12876 [Note] InnoDB:  Percona XtraDB (http://www.percona.com) 5.6.36-83.0 started; log sequence number 1835199
2018-04-12 23:07:17 12368 [Note] InnoDB: Dumping buffer pool(s) not yet started
2018-04-12 23:07:17 12876 [Note] Plugin 'FEEDBACK' is disabled.
2018-04-12 23:07:17 12876 [Note] Server socket created on IP: '::'.
2018-04-12 23:07:17 12876 [Note] g:\xampp\mysql\bin\mysqld.exe: ready for connections.
Version: '10.1.31-MariaDB'  socket: ''  port: 3306  mariadb.org binary distribution
2018-04-21 19:07:16 834 InnoDB: Warning: Using innodb_additional_mem_pool_size is DEPRECATED. This option may be removed in future releases, together with the option innodb_use_sys_malloc and with the InnoDB's internal memory allocator.
2018-04-21 19:07:16 2100 [Note] InnoDB: innodb_empty_free_list_algorithm has been changed to legacy because of small buffer pool size. In order to use backoff, increase buffer pool at least up to 20MB.

2018-04-21 19:07:16 2100 [Note] InnoDB: Using mutexes to ref count buffer pool pages
2018-04-21 19:07:16 2100 [Note] InnoDB: The InnoDB memory heap is disabled
2018-04-21 19:07:16 2100 [Note] InnoDB: Mutexes and rw_locks use Windows interlocked functions
2018-04-21 19:07:16 2100 [Note] InnoDB: _mm_lfence() and _mm_sfence() are used for memory barrier
2018-04-21 19:07:16 2100 [Note] InnoDB: Compressed tables use zlib 1.2.3
2018-04-21 19:07:16 2100 [Note] InnoDB: Using generic crc32 instructions
2018-04-21 19:07:16 2100 [Note] InnoDB: Initializing buffer pool, size = 16.0M
2018-04-21 19:07:16 2100 [Note] InnoDB: Completed initialization of buffer pool
2018-04-21 19:07:17 2100 [Note] InnoDB: Highest supported file format is Barracuda.
2018-04-21 19:07:17 2100 [Note] InnoDB: The log sequence number 1835037 in ibdata file do not match the log sequence number 1835209 in the ib_logfiles!
2018-04-21 19:07:17 2100 [Note] InnoDB: Restoring possible half-written data pages from the doublewrite buffer...
2018-04-21 19:07:18 2100 [Note] InnoDB: 128 rollback segment(s) are active.
2018-04-21 19:07:18 2100 [Note] InnoDB: Waiting for purge to start
2018-04-21 19:07:18 2100 [Note] InnoDB:  Percona XtraDB (http://www.percona.com) 5.6.36-83.0 started; log sequence number 1835209
2018-04-21 19:07:18 9412 [Note] InnoDB: Dumping buffer pool(s) not yet started
2018-04-21 19:07:18 2100 [Note] Plugin 'FEEDBACK' is disabled.
2018-04-21 19:07:18 2100 [Note] Server socket created on IP: '::'.
2018-04-21 19:07:19 2100 [Note] g:\xampp\mysql\bin\mysqld.exe: ready for connections.
Version: '10.1.31-MariaDB'  socket: ''  port: 3306  mariadb.org binary distribution
2018-04-21 20:04:03 64c InnoDB: Warning: Using innodb_additional_mem_pool_size is DEPRECATED. This option may be removed in future releases, together with the option innodb_use_sys_malloc and with the InnoDB's internal memory allocator.
2018-04-21 20:04:03 1612 [Note] InnoDB: innodb_empty_free_list_algorithm has been changed to legacy because of small buffer pool size. In order to use backoff, increase buffer pool at least up to 20MB.

2018-04-21 20:04:03 1612 [Note] InnoDB: Using mutexes to ref count buffer pool pages
2018-04-21 20:04:03 1612 [Note] InnoDB: The InnoDB memory heap is disabled
2018-04-21 20:04:03 1612 [Note] InnoDB: Mutexes and rw_locks use Windows interlocked functions
2018-04-21 20:04:03 1612 [Note] InnoDB: _mm_lfence() and _mm_sfence() are used for memory barrier
2018-04-21 20:04:03 1612 [Note] InnoDB: Compressed tables use zlib 1.2.3
2018-04-21 20:04:03 1612 [Note] InnoDB: Using generic crc32 instructions
2018-04-21 20:04:03 1612 [Note] InnoDB: Initializing buffer pool, size = 16.0M
2018-04-21 20:04:03 1612 [Note] InnoDB: Completed initialization of buffer pool
2018-04-21 20:04:03 1612 [Note] InnoDB: Highest supported file format is Barracuda.
2018-04-21 20:04:03 1612 [Note] InnoDB: The log sequence number 1835037 in ibdata file do not match the log sequence number 1839715 in the ib_logfiles!
2018-04-21 20:04:03 1612 [Note] InnoDB: Restoring possible half-written data pages from the doublewrite buffer...
2018-04-21 20:04:04 1612 [Note] InnoDB: 128 rollback segment(s) are active.
2018-04-21 20:04:04 1612 [Note] InnoDB: Waiting for purge to start
2018-04-21 20:04:04 1612 [Note] InnoDB:  Percona XtraDB (http://www.percona.com) 5.6.36-83.0 started; log sequence number 1839715
2018-04-21 20:04:04 11752 [Note] InnoDB: Dumping buffer pool(s) not yet started
2018-04-21 20:04:04 1612 [Note] Plugin 'FEEDBACK' is disabled.
2018-04-21 20:04:04 1612 [Note] Server socket created on IP: '::'.
2018-04-21 20:04:04 1612 [ERROR] mysqld.exe: Table '.\mysql\user' is marked as crashed and should be repaired
2018-04-21 20:04:04 1612 [Warning] Checking table:   '.\mysql\user'
2018-04-21 20:04:04 1612 [ERROR] mysql.user: 1 client is using or hasn't closed the table properly
2018-04-21 20:04:04 1612 [Note] g:\xampp\mysql\bin\mysqld.exe: ready for connections.
Version: '10.1.31-MariaDB'  socket: ''  port: 3306  mariadb.org binary distribution
2018-04-21 20:06:11 14c0 InnoDB: Warning: Using innodb_additional_mem_pool_size is DEPRECATED. This option may be removed in future releases, together with the option innodb_use_sys_malloc and with the InnoDB's internal memory allocator.
2018-04-21 20:06:11 5312 [Note] InnoDB: innodb_empty_free_list_algorithm has been changed to legacy because of small buffer pool size. In order to use backoff, increase buffer pool at least up to 20MB.

2018-04-21 20:06:11 5312 [Note] InnoDB: Using mutexes to ref count buffer pool pages
2018-04-21 20:06:11 5312 [Note] InnoDB: The InnoDB memory heap is disabled
2018-04-21 20:06:11 5312 [Note] InnoDB: Mutexes and rw_locks use Windows interlocked functions
2018-04-21 20:06:11 5312 [Note] InnoDB: _mm_lfence() and _mm_sfence() are used for memory barrier
2018-04-21 20:06:11 5312 [Note] InnoDB: Compressed tables use zlib 1.2.3
2018-04-21 20:06:11 5312 [Note] InnoDB: Using generic crc32 instructions
2018-04-21 20:06:11 5312 [Note] InnoDB: Initializing buffer pool, size = 16.0M
2018-04-21 20:06:11 5312 [Note] InnoDB: Completed initialization of buffer pool
2018-04-21 20:06:11 5312 [Note] InnoDB: Highest supported file format is Barracuda.
2018-04-21 20:06:11 5312 [Note] InnoDB: The log sequence number 1835037 in ibdata file do not match the log sequence number 1839725 in the ib_logfiles!
2018-04-21 20:06:11 5312 [Note] InnoDB: Restoring possible half-written data pages from the doublewrite buffer...
2018-04-21 20:06:12 5312 [Note] InnoDB: 128 rollback segment(s) are active.
2018-04-21 20:06:12 5312 [Note] InnoDB: Waiting for purge to start
2018-04-21 20:06:12 5312 [Note] InnoDB:  Percona XtraDB (http://www.percona.com) 5.6.36-83.0 started; log sequence number 1839725
2018-04-21 20:06:12 1136 [Note] InnoDB: Dumping buffer pool(s) not yet started
2018-04-21 20:06:12 5312 [Note] Plugin 'FEEDBACK' is disabled.
2018-04-21 20:06:12 5312 [Note] Server socket created on IP: '::'.
2018-04-21 20:06:12 5312 [Note] g:\xampp\mysql\bin\mysqld.exe: ready for connections.
Version: '10.1.31-MariaDB'  socket: ''  port: 3306  mariadb.org binary distribution
2018-05-04 21:40:29 2f68 InnoDB: Warning: Using innodb_additional_mem_pool_size is DEPRECATED. This option may be removed in future releases, together with the option innodb_use_sys_malloc and with the InnoDB's internal memory allocator.
2018-05-04 21:40:29 12136 [Note] InnoDB: innodb_empty_free_list_algorithm has been changed to legacy because of small buffer pool size. In order to use backoff, increase buffer pool at least up to 20MB.

2018-05-04 21:40:29 12136 [Note] InnoDB: Using mutexes to ref count buffer pool pages
2018-05-04 21:40:29 12136 [Note] InnoDB: The InnoDB memory heap is disabled
2018-05-04 21:40:29 12136 [Note] InnoDB: Mutexes and rw_locks use Windows interlocked functions
2018-05-04 21:40:29 12136 [Note] InnoDB: _mm_lfence() and _mm_sfence() are used for memory barrier
2018-05-04 21:40:29 12136 [Note] InnoDB: Compressed tables use zlib 1.2.3
2018-05-04 21:40:30 12136 [Note] InnoDB: Using generic crc32 instructions
2018-05-04 21:40:30 12136 [Note] InnoDB: Initializing buffer pool, size = 16.0M
2018-05-04 21:40:30 12136 [Note] InnoDB: Completed initialization of buffer pool
2018-05-04 21:40:30 12136 [Note] InnoDB: Highest supported file format is Barracuda.
2018-05-04 21:40:30 12136 [Note] InnoDB: The log sequence number 1835037 in ibdata file do not match the log sequence number 1990411 in the ib_logfiles!
2018-05-04 21:40:30 12136 [Note] InnoDB: Restoring possible half-written data pages from the doublewrite buffer...
2018-05-04 21:40:31 12136 [Note] InnoDB: 128 rollback segment(s) are active.
2018-05-04 21:40:31 12136 [Note] InnoDB: Waiting for purge to start
2018-05-04 21:40:31 12136 [Note] InnoDB:  Percona XtraDB (http://www.percona.com) 5.6.36-83.0 started; log sequence number 1990411
2018-05-04 21:40:31 11032 [Note] InnoDB: Dumping buffer pool(s) not yet started
2018-05-04 21:40:31 12136 [Note] Plugin 'FEEDBACK' is disabled.
2018-05-04 21:40:32 12136 [Note] Server socket created on IP: '::'.
2018-05-04 21:40:32 12136 [Note] g:\xampp\mysql\bin\mysqld.exe: ready for connections.
Version: '10.1.31-MariaDB'  socket: ''  port: 3306  mariadb.org binary distribution
2018-05-04 21:44:38 12bc InnoDB: Warning: Using innodb_additional_mem_pool_size is DEPRECATED. This option may be removed in future releases, together with the option innodb_use_sys_malloc and with the InnoDB's internal memory allocator.
2018-05-04 21:44:38 4796 [Note] InnoDB: innodb_empty_free_list_algorithm has been changed to legacy because of small buffer pool size. In order to use backoff, increase buffer pool at least up to 20MB.

2018-05-04 21:44:38 4796 [Note] InnoDB: Using mutexes to ref count buffer pool pages
2018-05-04 21:44:38 4796 [Note] InnoDB: The InnoDB memory heap is disabled
2018-05-04 21:44:38 4796 [Note] InnoDB: Mutexes and rw_locks use Windows interlocked functions
2018-05-04 21:44:38 4796 [Note] InnoDB: _mm_lfence() and _mm_sfence() are used for memory barrier
2018-05-04 21:44:38 4796 [Note] InnoDB: Compressed tables use zlib 1.2.3
2018-05-04 21:44:38 4796 [Note] InnoDB: Using generic crc32 instructions
2018-05-04 21:44:38 4796 [Note] InnoDB: Initializing buffer pool, size = 16.0M
2018-05-04 21:44:38 4796 [Note] InnoDB: Completed initialization of buffer pool
2018-05-04 21:44:38 4796 [Note] InnoDB: Highest supported file format is Barracuda.
2018-05-04 21:44:38 4796 [Note] InnoDB: The log sequence number 1835037 in ibdata file do not match the log sequence number 1990421 in the ib_logfiles!
2018-05-04 21:44:38 4796 [Note] InnoDB: Restoring possible half-written data pages from the doublewrite buffer...
2018-05-04 21:44:39 4796 [Note] InnoDB: 128 rollback segment(s) are active.
2018-05-04 21:44:39 4796 [Note] InnoDB: Waiting for purge to start
2018-05-04 21:44:39 4796 [Note] InnoDB:  Percona XtraDB (http://www.percona.com) 5.6.36-83.0 started; log sequence number 1990421
2018-05-04 21:44:39 12264 [Note] InnoDB: Dumping buffer pool(s) not yet started
2018-05-04 21:44:40 4796 [Note] Plugin 'FEEDBACK' is disabled.
2018-05-04 21:44:40 4796 [Note] Server socket created on IP: '::'.
2018-05-04 21:44:40 4796 [Note] g:\xampp\mysql\bin\mysqld.exe: ready for connections.
Version: '10.1.31-MariaDB'  socket: ''  port: 3306  mariadb.org binary distribution
2018-05-08 18:21:03 16d0 InnoDB: Warning: Using innodb_additional_mem_pool_size is DEPRECATED. This option may be removed in future releases, together with the option innodb_use_sys_malloc and with the InnoDB's internal memory allocator.
2018-05-08 18:21:03 5840 [Note] InnoDB: innodb_empty_free_list_algorithm has been changed to legacy because of small buffer pool size. In order to use backoff, increase buffer pool at least up to 20MB.

2018-05-08 18:21:03 5840 [Note] InnoDB: Using mutexes to ref count buffer pool pages
2018-05-08 18:21:03 5840 [Note] InnoDB: The InnoDB memory heap is disabled
2018-05-08 18:21:03 5840 [Note] InnoDB: Mutexes and rw_locks use Windows interlocked functions
2018-05-08 18:21:03 5840 [Note] InnoDB: _mm_lfence() and _mm_sfence() are used for memory barrier
2018-05-08 18:21:03 5840 [Note] InnoDB: Compressed tables use zlib 1.2.3
2018-05-08 18:21:05 5840 [Note] InnoDB: Using generic crc32 instructions
2018-05-08 18:21:05 5840 [Note] InnoDB: Initializing buffer pool, size = 16.0M
2018-05-08 18:21:05 5840 [Note] InnoDB: Completed initialization of buffer pool
2018-05-08 18:21:06 5840 [Note] InnoDB: Highest supported file format is Barracuda.
2018-05-08 18:21:07 5840 [Note] InnoDB: The log sequence number 1835037 in ibdata file do not match the log sequence number 2302710 in the ib_logfiles!
2018-05-08 18:21:12 5840 [Note] InnoDB: Restoring possible half-written data pages from the doublewrite buffer...
2018-05-08 18:21:53 5840 [Note] InnoDB: 128 rollback segment(s) are active.
2018-05-08 18:21:53 5840 [Note] InnoDB: Waiting for purge to start
2018-05-08 18:21:53 5840 [Note] InnoDB:  Percona XtraDB (http://www.percona.com) 5.6.36-83.0 started; log sequence number 2302710
2018-05-08 18:21:54 8544 [Note] InnoDB: Dumping buffer pool(s) not yet started
2018-05-08 18:21:54 5840 [Note] Plugin 'FEEDBACK' is disabled.
2018-05-08 18:21:55 5840 [Note] Server socket created on IP: '::'.
2018-05-08 18:21:59 5840 [Note] g:\xampp\mysql\bin\mysqld.exe: ready for connections.
Version: '10.1.31-MariaDB'  socket: ''  port: 3306  mariadb.org binary distribution
